kotlin version: 2.0.21
error message: org.jetbrains.kotlin.util.FileAnalysisException: Somewhere in file C:/MAMP/htdocs/mobila-applikationer/android-frontend-quiz-app/app/src/main/java/com/andrenormanlang/quizapp/ApiTestActivity.kt: java.lang.RuntimeException: java.io.IOException: The paging file is too small for this operation to complete
	at org.jetbrains.kotlin.util.AnalysisExceptionsKt.wrapIntoFileAnalysisExceptionIfNeeded(AnalysisExceptions.kt:62)
	at org.jetbrains.kotlin.fir.FirCliExceptionHandler.handleExceptionOnFileAnalysis(Utils.kt:249)
	at org.jetbrains.kotlin.fir.resolve.transformers.FirSupertypeResolverTransformer.transformFile(FirSupertypesResolution.kt:883)
	at org.jetbrains.kotlin.fir.declarations.FirFile.transform(FirFile.kt:46)
	at org.jetbrains.kotlin.fir.resolve.transformers.FirTransformerBasedResolveProcessor.processFile(FirResolveProcessor.kt:48)
	at org.jetbrains.kotlin.fir.resolve.transformers.FirTotalResolveProcessor.process(FirTotalResolveProcessor.kt:36)
	at org.jetbrains.kotlin.fir.pipeline.AnalyseKt.runResolution(analyse.kt:20)
	at org.jetbrains.kotlin.fir.pipeline.FirUtilsKt.resolveAndCheckFir(firUtils.kt:76)
	at org.jetbrains.kotlin.fir.pipeline.FirUtilsKt.buildResolveAndCheckFirViaLightTree(firUtils.kt:88)
	at org.jetbrains.kotlin.cli.jvm.compiler.pipeline.JvmCompilerPipelineKt.compileModuleToAnalyzedFir(jvmCompilerPipeline.kt:319)
	at org.jetbrains.kotlin.cli.jvm.compiler.pipeline.JvmCompilerPipelineKt.compileModulesUsingFrontendIrAndLightTree(jvmCompilerPipeline.kt:118)
	at org.jetbrains.kotlin.cli.jvm.K2JVMCompiler.doExecute(K2JVMCompiler.kt:148)
	at org.jetbrains.kotlin.cli.jvm.K2JVMCompiler.doExecute(K2JVMCompiler.kt:43)
	at org.jetbrains.kotlin.cli.common.CLICompiler.execImpl(CLICompiler.kt:103)
	at org.jetbrains.kotlin.cli.common.CLICompiler.execImpl(CLICompiler.kt:49)
	at org.jetbrains.kotlin.cli.common.CLITool.exec(CLITool.kt:101)
	at org.jetbrains.kotlin.incremental.IncrementalJvmCompilerRunner.runCompiler(IncrementalJvmCompilerRunner.kt:464)
	at org.jetbrains.kotlin.incremental.IncrementalJvmCompilerRunner.runCompiler(IncrementalJvmCompilerRunner.kt:73)
	at org.jetbrains.kotlin.incremental.IncrementalCompilerRunner.doCompile(IncrementalCompilerRunner.kt:506)
	at org.jetbrains.kotlin.incremental.IncrementalCompilerRunner.compileImpl(IncrementalCompilerRunner.kt:423)
	at org.jetbrains.kotlin.incremental.IncrementalCompilerRunner.compileNonIncrementally(IncrementalCompilerRunner.kt:301)
	at org.jetbrains.kotlin.incremental.IncrementalCompilerRunner.compile(IncrementalCompilerRunner.kt:129)
	at org.jetbrains.kotlin.daemon.CompileServiceImplBase.execIncrementalCompiler(CompileServiceImpl.kt:675)
	at org.jetbrains.kotlin.daemon.CompileServiceImplBase.access$execIncrementalCompiler(CompileServiceImpl.kt:92)
	at org.jetbrains.kotlin.daemon.CompileServiceImpl.compile(CompileServiceImpl.kt:1660)
	at java.base/jdk.internal.reflect.DirectMethodHandleAccessor.invoke(Unknown Source)
	at java.base/java.lang.reflect.Method.invoke(Unknown Source)
	at java.rmi/sun.rmi.server.UnicastServerRef.dispatch(Unknown Source)
	at java.rmi/sun.rmi.transport.Transport$1.run(Unknown Source)
	at java.rmi/sun.rmi.transport.Transport$1.run(Unknown Source)
	at java.base/java.security.AccessController.doPrivileged(Unknown Source)
	at java.rmi/sun.rmi.transport.Transport.serviceCall(Unknown Source)
	at java.rmi/sun.rmi.transport.tcp.TCPTransport.handleMessages(Unknown Source)
	at java.rmi/sun.rmi.transport.tcp.TCPTransport$ConnectionHandler.run0(Unknown Source)
	at java.rmi/sun.rmi.transport.tcp.TCPTransport$ConnectionHandler.lambda$run$0(Unknown Source)
	at java.base/java.security.AccessController.doPrivileged(Unknown Source)
	at java.rmi/sun.rmi.transport.tcp.TCPTransport$ConnectionHandler.run(Unknown Source)
	at java.base/java.util.concurrent.ThreadPoolExecutor.runWorker(Unknown Source)
	at java.base/java.util.concurrent.ThreadPoolExecutor$Worker.run(Unknown Source)
	at java.base/java.lang.Thread.run(Unknown Source)
Caused by: java.lang.RuntimeException: java.io.IOException: The paging file is too small for this operation to complete
	at org.jetbrains.kotlin.com.intellij.util.io.FileAccessorCache.createHandle(FileAccessorCache.java:56)
	at org.jetbrains.kotlin.com.intellij.util.io.FileAccessorCache.get(FileAccessorCache.java:39)
	at org.jetbrains.kotlin.cli.jvm.compiler.jarfs.FastJarHandler.contentsToByteArray(FastJarHandler.kt:108)
	at org.jetbrains.kotlin.cli.jvm.compiler.jarfs.FastJarVirtualFile.contentsToByteArray(FastJarVirtualFile.kt:89)
	at org.jetbrains.kotlin.cli.jvm.compiler.KotlinCliJavaFileManagerImpl.findClass(KotlinCliJavaFileManagerImpl.kt:127)
	at org.jetbrains.kotlin.cli.jvm.compiler.KotlinCliJavaFileManagerImpl.findClass(KotlinCliJavaFileManagerImpl.kt:102)
	at org.jetbrains.kotlin.cli.jvm.compiler.KotlinCliJavaFileManagerImpl.findClass(KotlinCliJavaFileManagerImpl.kt:118)
	at org.jetbrains.kotlin.cli.jvm.compiler.KotlinCliJavaFileManagerImpl.findClass(KotlinCliJavaFileManagerImpl.kt:102)
	at org.jetbrains.kotlin.cli.jvm.compiler.KotlinCliJavaFileManagerImpl.findClass$lambda$6$lambda$5(KotlinCliJavaFileManagerImpl.kt:130)
	at org.jetbrains.kotlin.load.java.structure.impl.classFiles.ClassifierResolutionContext.resolveClass(ClassifierResolutionContext.kt:58)
	at org.jetbrains.kotlin.load.java.structure.impl.classFiles.ClassifierResolutionContext.resolveByInternalName$resolution_common_jvm(ClassifierResolutionContext.kt:99)
	at org.jetbrains.kotlin.load.java.structure.impl.classFiles.BinaryJavaClass.convertInternalNameToClassifierType$lambda$2(BinaryJavaClass.kt:194)
	at kotlin.UnsafeLazyImpl.getValue(Lazy.kt:81)
	at org.jetbrains.kotlin.load.java.structure.impl.classFiles.PlainJavaClassifierType.getClassifierResolverResult(Types.kt:39)
	at org.jetbrains.kotlin.load.java.structure.impl.classFiles.PlainJavaClassifierType.getClassifier(Types.kt:41)
	at org.jetbrains.kotlin.fir.java.JavaTypeConversionKt.toConeKotlinTypeForFlexibleBound(JavaTypeConversion.kt:192)
	at org.jetbrains.kotlin.fir.java.JavaTypeConversionKt.toConeKotlinTypeForFlexibleBound$default(JavaTypeConversion.kt:184)
	at org.jetbrains.kotlin.fir.java.JavaTypeConversionKt.toConeTypeProjection(JavaTypeConversion.kt:117)
	at org.jetbrains.kotlin.fir.java.JavaTypeConversionKt.toConeKotlinType(JavaTypeConversion.kt:90)
	at org.jetbrains.kotlin.fir.java.JavaTypeConversionKt.toConeKotlinType$default(JavaTypeConversion.kt:85)
	at org.jetbrains.kotlin.fir.java.JavaTypeConversionKt.toFirResolvedTypeRef(JavaTypeConversion.kt:78)
	at org.jetbrains.kotlin.fir.java.JavaTypeConversionKt.resolveIfJavaType(JavaTypeConversion.kt:54)
	at org.jetbrains.kotlin.fir.java.JavaTypeConversionKt.toConeKotlinTypeProbablyFlexible(JavaTypeConversion.kt:63)
	at org.jetbrains.kotlin.fir.java.enhancement.FirSignatureEnhancement.toConeKotlinType(SignatureEnhancement.kt:907)
	at org.jetbrains.kotlin.fir.java.enhancement.FirSignatureEnhancement.enhance(SignatureEnhancement.kt:896)
	at org.jetbrains.kotlin.fir.java.enhancement.FirSignatureEnhancement.enhance$default(SignatureEnhancement.kt:892)
	at org.jetbrains.kotlin.fir.java.enhancement.FirSignatureEnhancement.enhanceSuperType(SignatureEnhancement.kt:700)
	at org.jetbrains.kotlin.fir.java.enhancement.FirSignatureEnhancement.enhanceSuperTypes(SignatureEnhancement.kt:655)
	at org.jetbrains.kotlin.fir.java.declarations.FirJavaClass.superTypeRefs_delegate$lambda$1(FirJavaClass.kt:77)
	at kotlin.SynchronizedLazyImpl.getValue(LazyJVM.kt:74)
	at org.jetbrains.kotlin.fir.java.declarations.FirJavaClass.getSuperTypeRefs(FirJavaClass.kt:75)
	at org.jetbrains.kotlin.fir.resolve.transformers.SupertypeComputationSession.getResolvedSuperTypeRefsForOutOfSessionDeclaration(FirSupertypesResolution.kt:671)
	at org.jetbrains.kotlin.fir.resolve.transformers.SupertypeComputationSession.breakLoopFor$checkIsInLoop(FirSupertypesResolution.kt:716)
	at org.jetbrains.kotlin.fir.resolve.transformers.SupertypeComputationSession.breakLoopFor$checkIsInLoop(FirSupertypesResolution.kt:765)
	at org.jetbrains.kotlin.fir.resolve.transformers.SupertypeComputationSession.breakLoopFor(FirSupertypesResolution.kt:811)
	at org.jetbrains.kotlin.fir.resolve.transformers.SupertypeComputationSession.breakLoops(FirSupertypesResolution.kt:822)
	at org.jetbrains.kotlin.fir.resolve.transformers.FirSupertypeResolverTransformer.transformFile(FirSupertypesResolution.kt:74)
	... 37 more
Caused by: java.io.IOException: The paging file is too small for this operation to complete
	at java.base/sun.nio.ch.FileDispatcherImpl.map0(Native Method)
	at java.base/sun.nio.ch.FileDispatcherImpl.map(Unknown Source)
	at java.base/sun.nio.ch.FileChannelImpl.mapInternal(Unknown Source)
	at java.base/sun.nio.ch.FileChannelImpl.map(Unknown Source)
	at org.jetbrains.kotlin.cli.jvm.compiler.jarfs.FastJarFileSystem$cachedOpenFileHandles$1.createAccessor(FastJarFileSystem.kt:31)
	at org.jetbrains.kotlin.cli.jvm.compiler.jarfs.FastJarFileSystem$cachedOpenFileHandles$1.createAccessor(FastJarFileSystem.kt:27)
	at org.jetbrains.kotlin.com.intellij.util.io.FileAccessorCache.createHandle(FileAccessorCache.java:45)
	... 73 more


